Figwheel: focusing on build-ids (app)
[0mCompiling "resources/public/js/app.js" from ["src/cljs" "env/dev/cljs"]...
[32mSuccessfully compiled "resources/public/js/app.js" in 0.187 seconds.[0m
notifying browser that file changed:  resources/public/js/out/goog/deps.js
notifying browser that file changed:  resources/public/js/out/cljs_deps.js
notifying browser that file changed:  /hangul_cljs/dictionary.js
notifying browser that file changed:  /hangul_cljs/core.js
notifying browser that file changed:  /hangul_cljs/dev.js
[0mCompiling "resources/public/js/app.js" from ["src/cljs" "env/dev/cljs"]...
[32mSuccessfully compiled "resources/public/js/app.js" in 0.219 seconds.[0m
notifying browser that file changed:  /hangul_cljs/core.js
notifying browser that file changed:  /hangul_cljs/dev.js
[0mCompiling "resources/public/js/app.js" from ["src/cljs" "env/dev/cljs"]...
[32mSuccessfully compiled "resources/public/js/app.js" in 0.148 seconds.[0m
notifying browser that file changed:  /hangul_cljs/core.js
notifying browser that file changed:  /hangul_cljs/dev.js
[0mCompiling "resources/public/js/app.js" from ["src/cljs" "env/dev/cljs"]...
[32mSuccessfully compiled "resources/public/js/app.js" in 0.166 seconds.[0m
notifying browser that file changed:  /hangul_cljs/core.js
notifying browser that file changed:  /hangul_cljs/dev.js
[0mCompiling "resources/public/js/app.js" from ["src/cljs" "env/dev/cljs"]...
[31mCompiling "resources/public/js/app.js" failed.[0m
[31mclojure.lang.ExceptionInfo: [39m[31mfailed compiling file:src/cljs/hangul_cljs/core.cljs[39m
[35m                core.clj:4403 clojure.core/ex-info[39m
[32m            compiler.clj:1060 cljs.compiler/compile-file[fn][39m
[32m            compiler.clj:1035 cljs.compiler/compile-file[39m
[32m            compiler.clj:1090 cljs.compiler/compile-root[39m
[32m              closure.clj:357 cljs.closure/compile-dir[39m
[32m              closure.clj:397 cljs.closure/eval11537[fn][39m
[32m              closure.clj:305 cljs.closure/eval11473[fn][39m
[32m              closure.clj:411 cljs.closure/eval11524[fn][39m
[32m              closure.clj:305 cljs.closure/eval11473[fn][39m
[32m                  core.clj:18 clojurescript-build.core.CompilableSourcePaths/fn[39m
[35m                core.clj:2557 clojure.core/map[fn][39m
[36m              LazySeq.java:40 clojure.lang.LazySeq.sval[39m
[36m              LazySeq.java:49 clojure.lang.LazySeq.seq[39m
[36m                  RT.java:484 clojure.lang.RT.seq[39m
[35m                 core.clj:133 clojure.core/seq[39m
[35m                 core.clj:624 clojure.core/apply[39m
[35m                core.clj:2586 clojure.core/mapcat[39m
[36m              RestFn.java:423 clojure.lang.RestFn.invoke[39m
[32m                  core.clj:18 clojurescript-build.core/clojurescript-build.core.CompilableSourcePaths[39m
[32m             closure.clj:1367 cljs.closure/build[39m
[32m                 core.clj:150 clojurescript-build.core/build-source-paths*[39m
[32m          auto_builder.clj:59 figwheel-sidecar.auto-builder/warning[fn][39m
[32m                  auto.clj:55 clojurescript-build.auto/time-build[fn][39m
[32m                  auto.clj:64 clojurescript-build.auto/after[fn][39m
[32m                  auto.clj:64 clojurescript-build.auto/after[fn][39m
[32m                  auto.clj:64 clojurescript-build.auto/after[fn][39m
[32m                  auto.clj:71 clojurescript-build.auto/error[fn][39m
[32m                  auto.clj:60 clojurescript-build.auto/before[fn][39m
[32m                 auto.clj:103 clojurescript-build.auto/make-conditional-builder[fn][39m
[35m                core.clj:6353 clojure.core/mapv[fn][39m
[36m           ArrayChunk.java:58 clojure.lang.ArrayChunk.reduce[39m
[35m             protocols.clj:98 clojure.core.protocols/fn[39m
[35m             protocols.clj:19 clojure.core.protocols/fn[fn][39m
[35m             protocols.clj:31 clojure.core.protocols/seq-reduce[39m
[35m             protocols.clj:60 clojure.core.protocols/fn[39m
[35m             protocols.clj:13 clojure.core.protocols/fn[fn][39m
[35m                core.clj:6289 clojure.core/reduce[39m
[35m                core.clj:6353 clojure.core/mapv[39m
[32m                 auto.clj:184 clojurescript-build.auto/autobuild*[fn][39m
[32m                 auto.clj:177 clojurescript-build.auto/autobuild*[fn][39m
[35m           ioc_macros.clj:940 clojure.core.async.impl.ioc-macros/run-state-machine[39m
[35m           ioc_macros.clj:944 clojure.core.async.impl.ioc-macros/run-state-machine-wrapped[39m
[35m                async.clj:362 clojure.core.async/ioc-alts![fn][39m
[35m                async.clj:231 clojure.core.async/do-alts[fn][39m
[35m             channels.clj:262 clojure.core.async.impl.channels.ManyToManyChannel/fn[39m
[36m                  AFn.java:22 clojure.lang.AFn.run[39m
[34m ThreadPoolExecutor.java:1145 java.util.concurrent.ThreadPoolExecutor.runWorker[39m
[34m  ThreadPoolExecutor.java:615 java.util.concurrent.ThreadPoolExecutor$Worker.run[39m
[34m              Thread.java:745 java.lang.Thread.run[39m
[31mCaused by: [39m[31mclojure.lang.ExceptionInfo: [39m[31mToo few arguments to if at line 22 src/cljs/hangul_cljs/core.cljs[39m
[35m                core.clj:4403 clojure.core/ex-info[39m
[32m             analyzer.clj:307 cljs.analyzer/error[39m
[32m             analyzer.clj:304 cljs.analyzer/error[39m
[32m             analyzer.clj:573 cljs.analyzer/eval687[fn][39m
[36m             MultiFn.java:249 clojure.lang.MultiFn.invoke[39m
[32m            analyzer.clj:1677 cljs.analyzer/analyze-seq[39m
[32m            analyzer.clj:1767 cljs.analyzer/analyze[fn][39m
[32m            analyzer.clj:1760 cljs.analyzer/analyze[39m
[32m            analyzer.clj:1755 cljs.analyzer/analyze[39m
[32m            analyzer.clj:1754 cljs.analyzer/analyze[39m
[32m             analyzer.clj:925 cljs.analyzer/eval841[fn][39m
[35m                core.clj:2557 clojure.core/map[fn][39m
[36m              LazySeq.java:40 clojure.lang.LazySeq.sval[39m
[36m              LazySeq.java:49 clojure.lang.LazySeq.seq[39m
[36m                  RT.java:484 clojure.lang.RT.seq[39m
[35m                 core.clj:133 clojure.core/seq[39m
[32m             analyzer.clj:925 cljs.analyzer/eval841[fn][39m
[32m             analyzer.clj:924 cljs.analyzer/eval841[fn][39m
[36m             MultiFn.java:249 clojure.lang.MultiFn.invoke[39m
[32m            analyzer.clj:1677 cljs.analyzer/analyze-seq[39m
[32m            analyzer.clj:1767 cljs.analyzer/analyze[fn][39m
[32m            analyzer.clj:1760 cljs.analyzer/analyze[39m
[32m            analyzer.clj:1755 cljs.analyzer/analyze[39m
[32m            analyzer.clj:1754 cljs.analyzer/analyze[39m
[32m             analyzer.clj:810 cljs.analyzer/analyze-fn-method[fn][39m
[32m             analyzer.clj:809 cljs.analyzer/analyze-fn-method[39m
[32m             analyzer.clj:840 cljs.analyzer/eval800[fn][39m
[35m                core.clj:2559 clojure.core/map[fn][39m
[36m              LazySeq.java:40 clojure.lang.LazySeq.sval[39m
[36m              LazySeq.java:49 clojure.lang.LazySeq.seq[39m
[36m                  RT.java:484 clojure.lang.RT.seq[39m
[35m                 core.clj:133 clojure.core/seq[39m
[35m                core.clj:2551 clojure.core/map[fn][39m
[36m              LazySeq.java:40 clojure.lang.LazySeq.sval[39m
[36m              LazySeq.java:49 clojure.lang.LazySeq.seq[39m
[36m                  RT.java:484 clojure.lang.RT.seq[39m
[35m                 core.clj:133 clojure.core/seq[39m
[35m                 core.clj:624 clojure.core/apply[39m
[32m             analyzer.clj:841 cljs.analyzer/eval800[fn][39m
[36m             MultiFn.java:249 clojure.lang.MultiFn.invoke[39m
[32m            analyzer.clj:1677 cljs.analyzer/analyze-seq[39m
[32m            analyzer.clj:1767 cljs.analyzer/analyze[fn][39m
[32m            analyzer.clj:1760 cljs.analyzer/analyze[39m
[32m            analyzer.clj:1679 cljs.analyzer/analyze-seq[39m
[32m            analyzer.clj:1767 cljs.analyzer/analyze[fn][39m
[32m            analyzer.clj:1760 cljs.analyzer/analyze[39m
[32m            analyzer.clj:1755 cljs.analyzer/analyze[39m
[32m             analyzer.clj:714 cljs.analyzer/eval758[fn][39m
[32m             analyzer.clj:713 cljs.analyzer/eval758[fn][39m
[36m             MultiFn.java:249 clojure.lang.MultiFn.invoke[39m
[32m            analyzer.clj:1677 cljs.analyzer/analyze-seq[39m
[32m            analyzer.clj:1767 cljs.analyzer/analyze[fn][39m
[32m            analyzer.clj:1760 cljs.analyzer/analyze[39m
[32m            analyzer.clj:1679 cljs.analyzer/analyze-seq[39m
[32m            analyzer.clj:1767 cljs.analyzer/analyze[fn][39m
[32m            analyzer.clj:1760 cljs.analyzer/analyze[39m
[32m             compiler.clj:953 cljs.compiler/compile-file*[fn][39m
[32m             compiler.clj:912 cljs.compiler/with-core-cljs[39m
[32m             compiler.clj:932 cljs.compiler/compile-file*[39m
[32m            compiler.clj:1048 cljs.compiler/compile-file[fn][39m
[0mCompiling "resources/public/js/app.js" from ["src/cljs" "env/dev/cljs"]...
[32mSuccessfully compiled "resources/public/js/app.js" in 0.199 seconds.[0m
notifying browser that file changed:  /hangul_cljs/core.js
notifying browser that file changed:  /hangul_cljs/dev.js
[0mCompiling "resources/public/js/app.js" from ["src/cljs" "env/dev/cljs"]...
[32mSuccessfully compiled "resources/public/js/app.js" in 0.145 seconds.[0m
notifying browser that file changed:  /hangul_cljs/core.js
notifying browser that file changed:  /hangul_cljs/dev.js
[0mCompiling "resources/public/js/app.js" from ["src/cljs" "env/dev/cljs"]...
[32mSuccessfully compiled "resources/public/js/app.js" in 0.149 seconds.[0m
notifying browser that file changed:  /hangul_cljs/core.js
notifying browser that file changed:  /hangul_cljs/dev.js
[0mCompiling "resources/public/js/app.js" from ["src/cljs" "env/dev/cljs"]...
[32mSuccessfully compiled "resources/public/js/app.js" in 0.168 seconds.[0m
notifying browser that file changed:  /hangul_cljs/core.js
notifying browser that file changed:  /hangul_cljs/dev.js
[0mCompiling "resources/public/js/app.js" from ["src/cljs" "env/dev/cljs"]...
[32mSuccessfully compiled "resources/public/js/app.js" in 0.138 seconds.[0m
notifying browser that file changed:  /hangul_cljs/core.js
notifying browser that file changed:  /hangul_cljs/dev.js
[0mCompiling "resources/public/js/app.js" from ["src/cljs" "env/dev/cljs"]...
[32mSuccessfully compiled "resources/public/js/app.js" in 0.136 seconds.[0m
notifying browser that file changed:  /hangul_cljs/core.js
notifying browser that file changed:  /hangul_cljs/dev.js
[0mCompiling "resources/public/js/app.js" from ["src/cljs" "env/dev/cljs"]...
[32mSuccessfully compiled "resources/public/js/app.js" in 0.172 seconds.[0m
notifying browser that file changed:  /hangul_cljs/core.js
notifying browser that file changed:  /hangul_cljs/dev.js
[0mCompiling "resources/public/js/app.js" from ["src/cljs" "env/dev/cljs"]...
[32mSuccessfully compiled "resources/public/js/app.js" in 0.179 seconds.[0m
notifying browser that file changed:  /hangul_cljs/core.js
notifying browser that file changed:  /hangul_cljs/dev.js
[0mCompiling "resources/public/js/app.js" from ["src/cljs" "env/dev/cljs"]...
[32mSuccessfully compiled "resources/public/js/app.js" in 0.145 seconds.[0m
notifying browser that file changed:  /hangul_cljs/core.js
notifying browser that file changed:  /hangul_cljs/dev.js
[0mCompiling "resources/public/js/app.js" from ["src/cljs" "env/dev/cljs"]...
[32mSuccessfully compiled "resources/public/js/app.js" in 0.15 seconds.[0m
notifying browser that file changed:  /hangul_cljs/core.js
notifying browser that file changed:  /hangul_cljs/dev.js
[0mCompiling "resources/public/js/app.js" from ["src/cljs" "env/dev/cljs"]...
[32mSuccessfully compiled "resources/public/js/app.js" in 0.133 seconds.[0m
notifying browser that file changed:  /hangul_cljs/core.js
notifying browser that file changed:  /hangul_cljs/dev.js
[0mCompiling "resources/public/js/app.js" from ["src/cljs" "env/dev/cljs"]...
[32mSuccessfully compiled "resources/public/js/app.js" in 0.137 seconds.[0m
notifying browser that file changed:  /hangul_cljs/core.js
notifying browser that file changed:  /hangul_cljs/dev.js
[0mCompiling "resources/public/js/app.js" from ["src/cljs" "env/dev/cljs"]...
[32mSuccessfully compiled "resources/public/js/app.js" in 0.145 seconds.[0m
notifying browser that file changed:  /hangul_cljs/core.js
notifying browser that file changed:  /hangul_cljs/dev.js
[0mCompiling "resources/public/js/app.js" from ["src/cljs" "env/dev/cljs"]...
[32mSuccessfully compiled "resources/public/js/app.js" in 0.141 seconds.[0m
notifying browser that file changed:  /hangul_cljs/core.js
notifying browser that file changed:  /hangul_cljs/dev.js
[0mCompiling "resources/public/js/app.js" from ["src/cljs" "env/dev/cljs"]...
[32mSuccessfully compiled "resources/public/js/app.js" in 0.135 seconds.[0m
notifying browser that file changed:  /hangul_cljs/core.js
notifying browser that file changed:  /hangul_cljs/dev.js
[0mCompiling "resources/public/js/app.js" from ["src/cljs" "env/dev/cljs"]...
[32mSuccessfully compiled "resources/public/js/app.js" in 0.131 seconds.[0m
notifying browser that file changed:  /hangul_cljs/core.js
notifying browser that file changed:  /hangul_cljs/dev.js
[0mCompiling "resources/public/js/app.js" from ["src/cljs" "env/dev/cljs"]...
[32mSuccessfully compiled "resources/public/js/app.js" in 0.135 seconds.[0m
notifying browser that file changed:  /hangul_cljs/core.js
notifying browser that file changed:  /hangul_cljs/dev.js
[0mCompiling "resources/public/js/app.js" from ["src/cljs" "env/dev/cljs"]...
[32mSuccessfully compiled "resources/public/js/app.js" in 0.137 seconds.[0m
notifying browser that file changed:  /hangul_cljs/core.js
notifying browser that file changed:  /hangul_cljs/dev.js
[0mCompiling "resources/public/js/app.js" from ["src/cljs" "env/dev/cljs"]...
[32mSuccessfully compiled "resources/public/js/app.js" in 0.132 seconds.[0m
notifying browser that file changed:  /hangul_cljs/core.js
notifying browser that file changed:  /hangul_cljs/dev.js
[0mCompiling "resources/public/js/app.js" from ["src/cljs" "env/dev/cljs"]...
[32mSuccessfully compiled "resources/public/js/app.js" in 0.132 seconds.[0m
notifying browser that file changed:  /hangul_cljs/core.js
notifying browser that file changed:  /hangul_cljs/dev.js
[0mCompiling "resources/public/js/app.js" from ["src/cljs" "env/dev/cljs"]...
[32mSuccessfully compiled "resources/public/js/app.js" in 0.125 seconds.[0m
notifying browser that file changed:  /hangul_cljs/core.js
notifying browser that file changed:  /hangul_cljs/dev.js
[0mCompiling "resources/public/js/app.js" from ["src/cljs" "env/dev/cljs"]...
[32mSuccessfully compiled "resources/public/js/app.js" in 0.136 seconds.[0m
notifying browser that file changed:  /hangul_cljs/core.js
notifying browser that file changed:  /hangul_cljs/dev.js
[0mCompiling "resources/public/js/app.js" from ["src/cljs" "env/dev/cljs"]...
[32mSuccessfully compiled "resources/public/js/app.js" in 0.134 seconds.[0m
notifying browser that file changed:  /hangul_cljs/core.js
notifying browser that file changed:  /hangul_cljs/dev.js
[0mCompiling "resources/public/js/app.js" from ["src/cljs" "env/dev/cljs"]...
[32mSuccessfully compiled "resources/public/js/app.js" in 0.133 seconds.[0m
notifying browser that file changed:  /hangul_cljs/core.js
notifying browser that file changed:  /hangul_cljs/dev.js
[0mCompiling "resources/public/js/app.js" from ["src/cljs" "env/dev/cljs"]...
[32mSuccessfully compiled "resources/public/js/app.js" in 0.134 seconds.[0m
notifying browser that file changed:  /hangul_cljs/core.js
notifying browser that file changed:  /hangul_cljs/dev.js
[0mCompiling "resources/public/js/app.js" from ["src/cljs" "env/dev/cljs"]...
[32mSuccessfully compiled "resources/public/js/app.js" in 0.126 seconds.[0m
notifying browser that file changed:  /hangul_cljs/core.js
notifying browser that file changed:  /hangul_cljs/dev.js
[0mCompiling "resources/public/js/app.js" from ["src/cljs" "env/dev/cljs"]...
[32mSuccessfully compiled "resources/public/js/app.js" in 0.137 seconds.[0m
notifying browser that file changed:  /hangul_cljs/core.js
notifying browser that file changed:  /hangul_cljs/dev.js
[0mCompiling "resources/public/js/app.js" from ["src/cljs" "env/dev/cljs"]...
[31mCompiling "resources/public/js/app.js" failed.[0m
[31mclojure.lang.ExceptionInfo: [39m[31mfailed compiling file:src/cljs/hangul_cljs/core.cljs[39m
[35m               core.clj:4403 clojure.core/ex-info[39m
[32m           compiler.clj:1060 cljs.compiler/compile-file[fn][39m
[32m           compiler.clj:1035 cljs.compiler/compile-file[39m
[32m           compiler.clj:1090 cljs.compiler/compile-root[39m
[32m             closure.clj:357 cljs.closure/compile-dir[39m
[32m             closure.clj:397 cljs.closure/eval11537[fn][39m
[32m             closure.clj:305 cljs.closure/eval11473[fn][39m
[32m             closure.clj:411 cljs.closure/eval11524[fn][39m
[32m             closure.clj:305 cljs.closure/eval11473[fn][39m
[32m                 core.clj:18 clojurescript-build.core.CompilableSourcePaths/fn[39m
[35m               core.clj:2557 clojure.core/map[fn][39m
[36m             LazySeq.java:40 clojure.lang.LazySeq.sval[39m
[36m             LazySeq.java:49 clojure.lang.LazySeq.seq[39m
[36m                 RT.java:484 clojure.lang.RT.seq[39m
[35m                core.clj:133 clojure.core/seq[39m
[35m                core.clj:624 clojure.core/apply[39m
[35m               core.clj:2586 clojure.core/mapcat[39m
[36m             RestFn.java:423 clojure.lang.RestFn.invoke[39m
[32m                 core.clj:18 clojurescript-build.core/clojurescript-build.core.CompilableSourcePaths[39m
[32m            closure.clj:1367 cljs.closure/build[39m
[32m                core.clj:150 clojurescript-build.core/build-source-paths*[39m
[32m         auto_builder.clj:59 figwheel-sidecar.auto-builder/warning[fn][39m
[32m                 auto.clj:55 clojurescript-build.auto/time-build[fn][39m
[32m                 auto.clj:64 clojurescript-build.auto/after[fn][39m
[32m                 auto.clj:64 clojurescript-build.auto/after[fn][39m
[32m                 auto.clj:64 clojurescript-build.auto/after[fn][39m
[32m                 auto.clj:71 clojurescript-build.auto/error[fn][39m
[32m                 auto.clj:60 clojurescript-build.auto/before[fn][39m
[32m                auto.clj:103 clojurescript-build.auto/make-conditional-builder[fn][39m
[35m               core.clj:6353 clojure.core/mapv[fn][39m
[36m          ArrayChunk.java:58 clojure.lang.ArrayChunk.reduce[39m
[35m            protocols.clj:98 clojure.core.protocols/fn[39m
[35m            protocols.clj:19 clojure.core.protocols/fn[fn][39m
[35m            protocols.clj:31 clojure.core.protocols/seq-reduce[39m
[35m            protocols.clj:60 clojure.core.protocols/fn[39m
[35m            protocols.clj:13 clojure.core.protocols/fn[fn][39m
[35m               core.clj:6289 clojure.core/reduce[39m
[35m               core.clj:6353 clojure.core/mapv[39m
[32m                auto.clj:184 clojurescript-build.auto/autobuild*[fn][39m
[32m                auto.clj:177 clojurescript-build.auto/autobuild*[fn][39m
[35m          ioc_macros.clj:940 clojure.core.async.impl.ioc-macros/run-state-machine[39m
[35m          ioc_macros.clj:944 clojure.core.async.impl.ioc-macros/run-state-machine-wrapped[39m
[35m               async.clj:362 clojure.core.async/ioc-alts![fn][39m
[35m               async.clj:231 clojure.core.async/do-alts[fn][39m
[35m            channels.clj:262 clojure.core.async.impl.channels.ManyToManyChannel/fn[39m
[36m                 AFn.java:22 clojure.lang.AFn.run[39m
[34mThreadPoolExecutor.java:1145 java.util.concurrent.ThreadPoolExecutor.runWorker[39m
[34m ThreadPoolExecutor.java:615 java.util.concurrent.ThreadPoolExecutor$Worker.run[39m
[34m             Thread.java:745 java.lang.Thread.run[39m
[31mCaused by: [39m[31mclojure.lang.ExceptionInfo: [39m[31mEOF while reading, starting at line 22[39m
[35m               core.clj:4403 clojure.core/ex-info[39m
[35m        reader_types.clj:337 clojure.tools.reader.reader-types/reader-error[39m
[36m             RestFn.java:439 clojure.lang.RestFn.invoke[39m
[35m              reader.clj:164 clojure.tools.reader/read-delimited[39m
[35m              reader.clj:170 clojure.tools.reader/read-list[39m
[35m              reader.clj:745 clojure.tools.reader/read[39m
[35m              reader.clj:730 clojure.tools.reader/read[39m
[32m           analyzer.clj:1813 cljs.analyzer/forms-seq[fn][39m
[32m           analyzer.clj:1807 cljs.analyzer/forms-seq[fn][39m
[36m             LazySeq.java:40 clojure.lang.LazySeq.sval[39m
[36m             LazySeq.java:49 clojure.lang.LazySeq.seq[39m
[36m                 RT.java:484 clojure.lang.RT.seq[39m
[35m                core.clj:133 clojure.core/seq[39m
[32m            compiler.clj:951 cljs.compiler/compile-file*[fn][39m
[32m            compiler.clj:912 cljs.compiler/with-core-cljs[39m
[32m            compiler.clj:932 cljs.compiler/compile-file*[39m
[32m           compiler.clj:1048 cljs.compiler/compile-file[fn][39m
[0mCompiling "resources/public/js/app.js" from ["src/cljs" "env/dev/cljs"]...
WARNING: Use of undeclared Var hangul-cljs.core/generate-random-card at line 11 src/cljs/hangul_cljs/core.cljs
[31mCompiling "resources/public/js/app.js" failed.[0m
[31mclojure.lang.ExceptionInfo: [39m[31mfailed compiling file:src/cljs/hangul_cljs/core.cljs[39m
[35m               core.clj:4403 clojure.core/ex-info[39m
[32m           compiler.clj:1060 cljs.compiler/compile-file[fn][39m
[32m           compiler.clj:1035 cljs.compiler/compile-file[39m
[32m           compiler.clj:1090 cljs.compiler/compile-root[39m
[32m             closure.clj:357 cljs.closure/compile-dir[39m
[32m             closure.clj:397 cljs.closure/eval11537[fn][39m
[32m             closure.clj:305 cljs.closure/eval11473[fn][39m
[32m             closure.clj:411 cljs.closure/eval11524[fn][39m
[32m             closure.clj:305 cljs.closure/eval11473[fn][39m
[32m                 core.clj:18 clojurescript-build.core.CompilableSourcePaths/fn[39m
[35m               core.clj:2557 clojure.core/map[fn][39m
[36m             LazySeq.java:40 clojure.lang.LazySeq.sval[39m
[36m             LazySeq.java:49 clojure.lang.LazySeq.seq[39m
[36m                 RT.java:484 clojure.lang.RT.seq[39m
[35m                core.clj:133 clojure.core/seq[39m
[35m                core.clj:624 clojure.core/apply[39m
[35m               core.clj:2586 clojure.core/mapcat[39m
[36m             RestFn.java:423 clojure.lang.RestFn.invoke[39m
[32m                 core.clj:18 clojurescript-build.core/clojurescript-build.core.CompilableSourcePaths[39m
[32m            closure.clj:1367 cljs.closure/build[39m
[32m                core.clj:150 clojurescript-build.core/build-source-paths*[39m
[32m         auto_builder.clj:59 figwheel-sidecar.auto-builder/warning[fn][39m
[32m                 auto.clj:55 clojurescript-build.auto/time-build[fn][39m
[32m                 auto.clj:64 clojurescript-build.auto/after[fn][39m
[32m                 auto.clj:64 clojurescript-build.auto/after[fn][39m
[32m                 auto.clj:64 clojurescript-build.auto/after[fn][39m
[32m                 auto.clj:71 clojurescript-build.auto/error[fn][39m
[32m                 auto.clj:60 clojurescript-build.auto/before[fn][39m
[32m                auto.clj:103 clojurescript-build.auto/make-conditional-builder[fn][39m
[35m               core.clj:6353 clojure.core/mapv[fn][39m
[36m          ArrayChunk.java:58 clojure.lang.ArrayChunk.reduce[39m
[35m            protocols.clj:98 clojure.core.protocols/fn[39m
[35m            protocols.clj:19 clojure.core.protocols/fn[fn][39m
[35m            protocols.clj:31 clojure.core.protocols/seq-reduce[39m
[35m            protocols.clj:60 clojure.core.protocols/fn[39m
[35m            protocols.clj:13 clojure.core.protocols/fn[fn][39m
[35m               core.clj:6289 clojure.core/reduce[39m
[35m               core.clj:6353 clojure.core/mapv[39m
[32m                auto.clj:184 clojurescript-build.auto/autobuild*[fn][39m
[32m                auto.clj:177 clojurescript-build.auto/autobuild*[fn][39m
[35m          ioc_macros.clj:940 clojure.core.async.impl.ioc-macros/run-state-machine[39m
[35m          ioc_macros.clj:944 clojure.core.async.impl.ioc-macros/run-state-machine-wrapped[39m
[35m               async.clj:362 clojure.core.async/ioc-alts![fn][39m
[35m               async.clj:231 clojure.core.async/do-alts[fn][39m
[35m            channels.clj:262 clojure.core.async.impl.channels.ManyToManyChannel/fn[39m
[36m                 AFn.java:22 clojure.lang.AFn.run[39m
[34mThreadPoolExecutor.java:1145 java.util.concurrent.ThreadPoolExecutor.runWorker[39m
[34m ThreadPoolExecutor.java:615 java.util.concurrent.ThreadPoolExecutor$Worker.run[39m
[34m             Thread.java:745 java.lang.Thread.run[39m
[31mCaused by: [39m[31mclojure.lang.ExceptionInfo: [39m[31mEOF while reading, starting at line 24[39m
[35m               core.clj:4403 clojure.core/ex-info[39m
[35m        reader_types.clj:337 clojure.tools.reader.reader-types/reader-error[39m
[36m             RestFn.java:439 clojure.lang.RestFn.invoke[39m
[35m              reader.clj:164 clojure.tools.reader/read-delimited[39m
[35m              reader.clj:170 clojure.tools.reader/read-list[39m
[35m              reader.clj:745 clojure.tools.reader/read[39m
[35m              reader.clj:730 clojure.tools.reader/read[39m
[32m           analyzer.clj:1813 cljs.analyzer/forms-seq[fn][39m
[32m           analyzer.clj:1807 cljs.analyzer/forms-seq[fn][39m
[36m             LazySeq.java:40 clojure.lang.LazySeq.sval[39m
[36m             LazySeq.java:49 clojure.lang.LazySeq.seq[39m
[36m                 RT.java:484 clojure.lang.RT.seq[39m
[35m                core.clj:133 clojure.core/seq[39m
[32m            compiler.clj:951 cljs.compiler/compile-file*[fn][39m
[32m            compiler.clj:912 cljs.compiler/with-core-cljs[39m
[32m            compiler.clj:932 cljs.compiler/compile-file*[39m
[32m           compiler.clj:1048 cljs.compiler/compile-file[fn][39m
[0mCompiling "resources/public/js/app.js" from ["src/cljs" "env/dev/cljs"]...
[31mCompiling "resources/public/js/app.js" failed.[0m
[31mclojure.lang.ExceptionInfo: [39m[31mfailed compiling file:src/cljs/hangul_cljs/core.cljs[39m
[35m               core.clj:4403 clojure.core/ex-info[39m
[32m           compiler.clj:1060 cljs.compiler/compile-file[fn][39m
[32m           compiler.clj:1035 cljs.compiler/compile-file[39m
[32m           compiler.clj:1090 cljs.compiler/compile-root[39m
[32m             closure.clj:357 cljs.closure/compile-dir[39m
[32m             closure.clj:397 cljs.closure/eval11537[fn][39m
[32m             closure.clj:305 cljs.closure/eval11473[fn][39m
[32m             closure.clj:411 cljs.closure/eval11524[fn][39m
[32m             closure.clj:305 cljs.closure/eval11473[fn][39m
[32m                 core.clj:18 clojurescript-build.core.CompilableSourcePaths/fn[39m
[35m               core.clj:2557 clojure.core/map[fn][39m
[36m             LazySeq.java:40 clojure.lang.LazySeq.sval[39m
[36m             LazySeq.java:49 clojure.lang.LazySeq.seq[39m
[36m                 RT.java:484 clojure.lang.RT.seq[39m
[35m                core.clj:133 clojure.core/seq[39m
[35m                core.clj:624 clojure.core/apply[39m
[35m               core.clj:2586 clojure.core/mapcat[39m
[36m             RestFn.java:423 clojure.lang.RestFn.invoke[39m
[32m                 core.clj:18 clojurescript-build.core/clojurescript-build.core.CompilableSourcePaths[39m
[32m            closure.clj:1367 cljs.closure/build[39m
[32m                core.clj:150 clojurescript-build.core/build-source-paths*[39m
[32m         auto_builder.clj:59 figwheel-sidecar.auto-builder/warning[fn][39m
[32m                 auto.clj:55 clojurescript-build.auto/time-build[fn][39m
[32m                 auto.clj:64 clojurescript-build.auto/after[fn][39m
[32m                 auto.clj:64 clojurescript-build.auto/after[fn][39m
[32m                 auto.clj:64 clojurescript-build.auto/after[fn][39m
[32m                 auto.clj:71 clojurescript-build.auto/error[fn][39m
[32m                 auto.clj:60 clojurescript-build.auto/before[fn][39m
[32m                auto.clj:103 clojurescript-build.auto/make-conditional-builder[fn][39m
[35m               core.clj:6353 clojure.core/mapv[fn][39m
[36m          ArrayChunk.java:58 clojure.lang.ArrayChunk.reduce[39m
[35m            protocols.clj:98 clojure.core.protocols/fn[39m
[35m            protocols.clj:19 clojure.core.protocols/fn[fn][39m
[35m            protocols.clj:31 clojure.core.protocols/seq-reduce[39m
[35m            protocols.clj:60 clojure.core.protocols/fn[39m
[35m            protocols.clj:13 clojure.core.protocols/fn[fn][39m
[35m               core.clj:6289 clojure.core/reduce[39m
[35m               core.clj:6353 clojure.core/mapv[39m
[32m                auto.clj:184 clojurescript-build.auto/autobuild*[fn][39m
[32m                auto.clj:177 clojurescript-build.auto/autobuild*[fn][39m
[35m          ioc_macros.clj:940 clojure.core.async.impl.ioc-macros/run-state-machine[39m
[35m          ioc_macros.clj:944 clojure.core.async.impl.ioc-macros/run-state-machine-wrapped[39m
[35m               async.clj:362 clojure.core.async/ioc-alts![fn][39m
[35m               async.clj:231 clojure.core.async/do-alts[fn][39m
[35m            channels.clj:262 clojure.core.async.impl.channels.ManyToManyChannel/fn[39m
[36m                 AFn.java:22 clojure.lang.AFn.run[39m
[34mThreadPoolExecutor.java:1145 java.util.concurrent.ThreadPoolExecutor.runWorker[39m
[34m ThreadPoolExecutor.java:615 java.util.concurrent.ThreadPoolExecutor$Worker.run[39m
[34m             Thread.java:745 java.lang.Thread.run[39m
[31mCaused by: [39m[31mclojure.lang.ExceptionInfo: [39m[31mEOF while reading, starting at line 25[39m
[35m               core.clj:4403 clojure.core/ex-info[39m
[35m        reader_types.clj:337 clojure.tools.reader.reader-types/reader-error[39m
[36m             RestFn.java:439 clojure.lang.RestFn.invoke[39m
[35m              reader.clj:164 clojure.tools.reader/read-delimited[39m
[35m              reader.clj:170 clojure.tools.reader/read-list[39m
[35m              reader.clj:745 clojure.tools.reader/read[39m
[35m              reader.clj:730 clojure.tools.reader/read[39m
[32m           analyzer.clj:1813 cljs.analyzer/forms-seq[fn][39m
[32m           analyzer.clj:1807 cljs.analyzer/forms-seq[fn][39m
[36m             LazySeq.java:40 clojure.lang.LazySeq.sval[39m
[36m             LazySeq.java:49 clojure.lang.LazySeq.seq[39m
[36m                 RT.java:484 clojure.lang.RT.seq[39m
[35m                core.clj:133 clojure.core/seq[39m
[32m            compiler.clj:951 cljs.compiler/compile-file*[fn][39m
[32m            compiler.clj:912 cljs.compiler/with-core-cljs[39m
[32m            compiler.clj:932 cljs.compiler/compile-file*[39m
[32m           compiler.clj:1048 cljs.compiler/compile-file[fn][39m
[0mCompiling "resources/public/js/app.js" from ["src/cljs" "env/dev/cljs"]...
[31mCompiling "resources/public/js/app.js" failed.[0m
[31mclojure.lang.ExceptionInfo: [39m[31mfailed compiling file:src/cljs/hangul_cljs/core.cljs[39m
[35m               core.clj:4403 clojure.core/ex-info[39m
[32m           compiler.clj:1060 cljs.compiler/compile-file[fn][39m
[32m           compiler.clj:1035 cljs.compiler/compile-file[39m
[32m           compiler.clj:1090 cljs.compiler/compile-root[39m
[32m             closure.clj:357 cljs.closure/compile-dir[39m
[32m             closure.clj:397 cljs.closure/eval11537[fn][39m
[32m             closure.clj:305 cljs.closure/eval11473[fn][39m
[32m             closure.clj:411 cljs.closure/eval11524[fn][39m
[32m             closure.clj:305 cljs.closure/eval11473[fn][39m
[32m                 core.clj:18 clojurescript-build.core.CompilableSourcePaths/fn[39m
[35m               core.clj:2557 clojure.core/map[fn][39m
[36m             LazySeq.java:40 clojure.lang.LazySeq.sval[39m
[36m             LazySeq.java:49 clojure.lang.LazySeq.seq[39m
[36m                 RT.java:484 clojure.lang.RT.seq[39m
[35m                core.clj:133 clojure.core/seq[39m
[35m                core.clj:624 clojure.core/apply[39m
[35m               core.clj:2586 clojure.core/mapcat[39m
[36m             RestFn.java:423 clojure.lang.RestFn.invoke[39m
[32m                 core.clj:18 clojurescript-build.core/clojurescript-build.core.CompilableSourcePaths[39m
[32m            closure.clj:1367 cljs.closure/build[39m
[32m                core.clj:150 clojurescript-build.core/build-source-paths*[39m
[32m         auto_builder.clj:59 figwheel-sidecar.auto-builder/warning[fn][39m
[32m                 auto.clj:55 clojurescript-build.auto/time-build[fn][39m
[32m                 auto.clj:64 clojurescript-build.auto/after[fn][39m
[32m                 auto.clj:64 clojurescript-build.auto/after[fn][39m
[32m                 auto.clj:64 clojurescript-build.auto/after[fn][39m
[32m                 auto.clj:71 clojurescript-build.auto/error[fn][39m
[32m                 auto.clj:60 clojurescript-build.auto/before[fn][39m
[32m                auto.clj:103 clojurescript-build.auto/make-conditional-builder[fn][39m
[35m               core.clj:6353 clojure.core/mapv[fn][39m
[36m          ArrayChunk.java:58 clojure.lang.ArrayChunk.reduce[39m
[35m            protocols.clj:98 clojure.core.protocols/fn[39m
[35m            protocols.clj:19 clojure.core.protocols/fn[fn][39m
[35m            protocols.clj:31 clojure.core.protocols/seq-reduce[39m
[35m            protocols.clj:60 clojure.core.protocols/fn[39m
[35m            protocols.clj:13 clojure.core.protocols/fn[fn][39m
[35m               core.clj:6289 clojure.core/reduce[39m
[35m               core.clj:6353 clojure.core/mapv[39m
[32m                auto.clj:184 clojurescript-build.auto/autobuild*[fn][39m
[32m                auto.clj:177 clojurescript-build.auto/autobuild*[fn][39m
[35m          ioc_macros.clj:940 clojure.core.async.impl.ioc-macros/run-state-machine[39m
[35m          ioc_macros.clj:944 clojure.core.async.impl.ioc-macros/run-state-machine-wrapped[39m
[35m               async.clj:362 clojure.core.async/ioc-alts![fn][39m
[35m               async.clj:231 clojure.core.async/do-alts[fn][39m
[35m            channels.clj:262 clojure.core.async.impl.channels.ManyToManyChannel/fn[39m
[36m                 AFn.java:22 clojure.lang.AFn.run[39m
[34mThreadPoolExecutor.java:1145 java.util.concurrent.ThreadPoolExecutor.runWorker[39m
[34m ThreadPoolExecutor.java:615 java.util.concurrent.ThreadPoolExecutor$Worker.run[39m
[34m             Thread.java:745 java.lang.Thread.run[39m
[31mCaused by: [39m[31mclojure.lang.ExceptionInfo: [39m[31mEOF while reading, starting at line 25[39m
[35m               core.clj:4403 clojure.core/ex-info[39m
[35m        reader_types.clj:337 clojure.tools.reader.reader-types/reader-error[39m
[36m             RestFn.java:439 clojure.lang.RestFn.invoke[39m
[35m              reader.clj:164 clojure.tools.reader/read-delimited[39m
[35m              reader.clj:170 clojure.tools.reader/read-list[39m
[35m              reader.clj:745 clojure.tools.reader/read[39m
[35m              reader.clj:730 clojure.tools.reader/read[39m
[32m           analyzer.clj:1813 cljs.analyzer/forms-seq[fn][39m
[32m           analyzer.clj:1807 cljs.analyzer/forms-seq[fn][39m
[36m             LazySeq.java:40 clojure.lang.LazySeq.sval[39m
[36m             LazySeq.java:49 clojure.lang.LazySeq.seq[39m
[36m                 RT.java:484 clojure.lang.RT.seq[39m
[35m                core.clj:133 clojure.core/seq[39m
[32m            compiler.clj:951 cljs.compiler/compile-file*[fn][39m
[32m            compiler.clj:912 cljs.compiler/with-core-cljs[39m
[32m            compiler.clj:932 cljs.compiler/compile-file*[39m
[32m           compiler.clj:1048 cljs.compiler/compile-file[fn][39m
[0mCompiling "resources/public/js/app.js" from ["src/cljs" "env/dev/cljs"]...
[32mSuccessfully compiled "resources/public/js/app.js" in 0.138 seconds.[0m
notifying browser that file changed:  /hangul_cljs/core.js
notifying browser that file changed:  /hangul_cljs/dev.js
[0mCompiling "resources/public/js/app.js" from ["src/cljs" "env/dev/cljs"]...
[32mSuccessfully compiled "resources/public/js/app.js" in 0.151 seconds.[0m
notifying browser that file changed:  /hangul_cljs/core.js
notifying browser that file changed:  /hangul_cljs/dev.js
[0mCompiling "resources/public/js/app.js" from ["src/cljs" "env/dev/cljs"]...
[32mSuccessfully compiled "resources/public/js/app.js" in 0.13 seconds.[0m
notifying browser that file changed:  /hangul_cljs/core.js
notifying browser that file changed:  /hangul_cljs/dev.js
[0mCompiling "resources/public/js/app.js" from ["src/cljs" "env/dev/cljs"]...
[32mSuccessfully compiled "resources/public/js/app.js" in 0.155 seconds.[0m
notifying browser that file changed:  /hangul_cljs/core.js
notifying browser that file changed:  /hangul_cljs/dev.js
[0mCompiling "resources/public/js/app.js" from ["src/cljs" "env/dev/cljs"]...
WARNING: Use of undeclared Var hangul-cljs.core/character at line 18 src/cljs/hangul_cljs/core.cljs
[32mSuccessfully compiled "resources/public/js/app.js" in 0.157 seconds.[0m
notifying browser that file changed:  /hangul_cljs/core.js
notifying browser that file changed:  /hangul_cljs/dev.js
[0mCompiling "resources/public/js/app.js" from ["src/cljs" "env/dev/cljs"]...
[32mSuccessfully compiled "resources/public/js/app.js" in 0.138 seconds.[0m
notifying browser that file changed:  /hangul_cljs/core.js
notifying browser that file changed:  /hangul_cljs/dev.js
[0mCompiling "resources/public/js/app.js" from ["src/cljs" "env/dev/cljs"]...
[32mSuccessfully compiled "resources/public/js/app.js" in 0.152 seconds.[0m
notifying browser that file changed:  /hangul_cljs/core.js
notifying browser that file changed:  /hangul_cljs/dev.js
[0mCompiling "resources/public/js/app.js" from ["src/cljs" "env/dev/cljs"]...
[32mSuccessfully compiled "resources/public/js/app.js" in 0.146 seconds.[0m
notifying browser that file changed:  /hangul_cljs/core.js
notifying browser that file changed:  /hangul_cljs/dev.js
[0mCompiling "resources/public/js/app.js" from ["src/cljs" "env/dev/cljs"]...
[32mSuccessfully compiled "resources/public/js/app.js" in 0.145 seconds.[0m
notifying browser that file changed:  /hangul_cljs/core.js
notifying browser that file changed:  /hangul_cljs/dev.js
[0mCompiling "resources/public/js/app.js" from ["src/cljs" "env/dev/cljs"]...
[32mSuccessfully compiled "resources/public/js/app.js" in 0.137 seconds.[0m
notifying browser that file changed:  /hangul_cljs/core.js
notifying browser that file changed:  /hangul_cljs/dev.js
[0mCompiling "resources/public/js/app.js" from ["src/cljs" "env/dev/cljs"]...
[32mSuccessfully compiled "resources/public/js/app.js" in 0.135 seconds.[0m
notifying browser that file changed:  /hangul_cljs/core.js
notifying browser that file changed:  /hangul_cljs/dev.js
[0mCompiling "resources/public/js/app.js" from ["src/cljs" "env/dev/cljs"]...
[32mSuccessfully compiled "resources/public/js/app.js" in 0.143 seconds.[0m
notifying browser that file changed:  /hangul_cljs/core.js
notifying browser that file changed:  /hangul_cljs/dev.js
[0mCompiling "resources/public/js/app.js" from ["src/cljs" "env/dev/cljs"]...
[32mSuccessfully compiled "resources/public/js/app.js" in 0.153 seconds.[0m
notifying browser that file changed:  /hangul_cljs/core.js
notifying browser that file changed:  /hangul_cljs/dev.js
[0mCompiling "resources/public/js/app.js" from ["src/cljs" "env/dev/cljs"]...
[32mSuccessfully compiled "resources/public/js/app.js" in 0.135 seconds.[0m
notifying browser that file changed:  /hangul_cljs/core.js
notifying browser that file changed:  /hangul_cljs/dev.js
[0mCompiling "resources/public/js/app.js" from ["src/cljs" "env/dev/cljs"]...
[32mSuccessfully compiled "resources/public/js/app.js" in 0.134 seconds.[0m
notifying browser that file changed:  /hangul_cljs/core.js
notifying browser that file changed:  /hangul_cljs/dev.js
[0mCompiling "resources/public/js/app.js" from ["src/cljs" "env/dev/cljs"]...
[32mSuccessfully compiled "resources/public/js/app.js" in 0.15 seconds.[0m
notifying browser that file changed:  /hangul_cljs/core.js
notifying browser that file changed:  /hangul_cljs/dev.js
[0mCompiling "resources/public/js/app.js" from ["src/cljs" "env/dev/cljs"]...
[32mSuccessfully compiled "resources/public/js/app.js" in 0.132 seconds.[0m
notifying browser that file changed:  /hangul_cljs/core.js
notifying browser that file changed:  /hangul_cljs/dev.js
[0mCompiling "resources/public/js/app.js" from ["src/cljs" "env/dev/cljs"]...
[32mSuccessfully compiled "resources/public/js/app.js" in 0.13 seconds.[0m
notifying browser that file changed:  /hangul_cljs/core.js
notifying browser that file changed:  /hangul_cljs/dev.js
[0mCompiling "resources/public/js/app.js" from ["src/cljs" "env/dev/cljs"]...
[32mSuccessfully compiled "resources/public/js/app.js" in 0.134 seconds.[0m
notifying browser that file changed:  /hangul_cljs/core.js
notifying browser that file changed:  /hangul_cljs/dev.js
[0mCompiling "resources/public/js/app.js" from ["src/cljs" "env/dev/cljs"]...
[32mSuccessfully compiled "resources/public/js/app.js" in 0.128 seconds.[0m
notifying browser that file changed:  /hangul_cljs/core.js
notifying browser that file changed:  /hangul_cljs/dev.js
[0mCompiling "resources/public/js/app.js" from ["src/cljs" "env/dev/cljs"]...
[32mSuccessfully compiled "resources/public/js/app.js" in 0.132 seconds.[0m
notifying browser that file changed:  /hangul_cljs/core.js
notifying browser that file changed:  /hangul_cljs/dev.js
[0mCompiling "resources/public/js/app.js" from ["src/cljs" "env/dev/cljs"]...
[32mSuccessfully compiled "resources/public/js/app.js" in 0.125 seconds.[0m
notifying browser that file changed:  /hangul_cljs/core.js
notifying browser that file changed:  /hangul_cljs/dev.js
[0mCompiling "resources/public/js/app.js" from ["src/cljs" "env/dev/cljs"]...
[32mSuccessfully compiled "resources/public/js/app.js" in 0.13 seconds.[0m
notifying browser that file changed:  /hangul_cljs/core.js
notifying browser that file changed:  /hangul_cljs/dev.js
[0mCompiling "resources/public/js/app.js" from ["src/cljs" "env/dev/cljs"]...
[32mSuccessfully compiled "resources/public/js/app.js" in 0.131 seconds.[0m
notifying browser that file changed:  /hangul_cljs/core.js
notifying browser that file changed:  /hangul_cljs/dev.js
[0mCompiling "resources/public/js/app.js" from ["src/cljs" "env/dev/cljs"]...
[32mSuccessfully compiled "resources/public/js/app.js" in 0.125 seconds.[0m
notifying browser that file changed:  /hangul_cljs/core.js
notifying browser that file changed:  /hangul_cljs/dev.js
[0mCompiling "resources/public/js/app.js" from ["src/cljs" "env/dev/cljs"]...
[32mSuccessfully compiled "resources/public/js/app.js" in 0.132 seconds.[0m
notifying browser that file changed:  /hangul_cljs/core.js
notifying browser that file changed:  /hangul_cljs/dev.js
[0mCompiling "resources/public/js/app.js" from ["src/cljs" "env/dev/cljs"]...
[32mSuccessfully compiled "resources/public/js/app.js" in 0.121 seconds.[0m
notifying browser that file changed:  /hangul_cljs/core.js
notifying browser that file changed:  /hangul_cljs/dev.js
[0mCompiling "resources/public/js/app.js" from ["src/cljs" "env/dev/cljs"]...
[32mSuccessfully compiled "resources/public/js/app.js" in 0.122 seconds.[0m
notifying browser that file changed:  /hangul_cljs/core.js
notifying browser that file changed:  /hangul_cljs/dev.js
[0mCompiling "resources/public/js/app.js" from ["src/cljs" "env/dev/cljs"]...
[32mSuccessfully compiled "resources/public/js/app.js" in 0.12 seconds.[0m
notifying browser that file changed:  /hangul_cljs/core.js
notifying browser that file changed:  /hangul_cljs/dev.js
[0mCompiling "resources/public/js/app.js" from ["src/cljs" "env/dev/cljs"]...
[32mSuccessfully compiled "resources/public/js/app.js" in 0.118 seconds.[0m
notifying browser that file changed:  /hangul_cljs/core.js
notifying browser that file changed:  /hangul_cljs/dev.js
[0mCompiling "resources/public/js/app.js" from ["src/cljs" "env/dev/cljs"]...
[32mSuccessfully compiled "resources/public/js/app.js" in 0.122 seconds.[0m
notifying browser that file changed:  /hangul_cljs/core.js
notifying browser that file changed:  /hangul_cljs/dev.js
[0mCompiling "resources/public/js/app.js" from ["src/cljs" "env/dev/cljs"]...
[31mCompiling "resources/public/js/app.js" failed.[0m
[31mclojure.lang.ExceptionInfo: [39m[31mfailed compiling file:src/cljs/hangul_cljs/core.cljs[39m
[35m               core.clj:4403 clojure.core/ex-info[39m
[32m           compiler.clj:1060 cljs.compiler/compile-file[fn][39m
[32m           compiler.clj:1035 cljs.compiler/compile-file[39m
[32m           compiler.clj:1090 cljs.compiler/compile-root[39m
[32m             closure.clj:357 cljs.closure/compile-dir[39m
[32m             closure.clj:397 cljs.closure/eval11537[fn][39m
[32m             closure.clj:305 cljs.closure/eval11473[fn][39m
[32m             closure.clj:411 cljs.closure/eval11524[fn][39m
[32m             closure.clj:305 cljs.closure/eval11473[fn][39m
[32m                 core.clj:18 clojurescript-build.core.CompilableSourcePaths/fn[39m
[35m               core.clj:2557 clojure.core/map[fn][39m
[36m             LazySeq.java:40 clojure.lang.LazySeq.sval[39m
[36m             LazySeq.java:49 clojure.lang.LazySeq.seq[39m
[36m                 RT.java:484 clojure.lang.RT.seq[39m
[35m                core.clj:133 clojure.core/seq[39m
[35m                core.clj:624 clojure.core/apply[39m
[35m               core.clj:2586 clojure.core/mapcat[39m
[36m             RestFn.java:423 clojure.lang.RestFn.invoke[39m
[32m                 core.clj:18 clojurescript-build.core/clojurescript-build.core.CompilableSourcePaths[39m
[32m            closure.clj:1367 cljs.closure/build[39m
[32m                core.clj:150 clojurescript-build.core/build-source-paths*[39m
[32m         auto_builder.clj:59 figwheel-sidecar.auto-builder/warning[fn][39m
[32m                 auto.clj:55 clojurescript-build.auto/time-build[fn][39m
[32m                 auto.clj:64 clojurescript-build.auto/after[fn][39m
[32m                 auto.clj:64 clojurescript-build.auto/after[fn][39m
[32m                 auto.clj:64 clojurescript-build.auto/after[fn][39m
[32m                 auto.clj:71 clojurescript-build.auto/error[fn][39m
[32m                 auto.clj:60 clojurescript-build.auto/before[fn][39m
[32m                auto.clj:103 clojurescript-build.auto/make-conditional-builder[fn][39m
[35m               core.clj:6353 clojure.core/mapv[fn][39m
[36m          ArrayChunk.java:58 clojure.lang.ArrayChunk.reduce[39m
[35m            protocols.clj:98 clojure.core.protocols/fn[39m
[35m            protocols.clj:19 clojure.core.protocols/fn[fn][39m
[35m            protocols.clj:31 clojure.core.protocols/seq-reduce[39m
[35m            protocols.clj:60 clojure.core.protocols/fn[39m
[35m            protocols.clj:13 clojure.core.protocols/fn[fn][39m
[35m               core.clj:6289 clojure.core/reduce[39m
[35m               core.clj:6353 clojure.core/mapv[39m
[32m                auto.clj:184 clojurescript-build.auto/autobuild*[fn][39m
[32m                auto.clj:177 clojurescript-build.auto/autobuild*[fn][39m
[35m          ioc_macros.clj:940 clojure.core.async.impl.ioc-macros/run-state-machine[39m
[35m          ioc_macros.clj:944 clojure.core.async.impl.ioc-macros/run-state-machine-wrapped[39m
[35m               async.clj:362 clojure.core.async/ioc-alts![fn][39m
[35m               async.clj:231 clojure.core.async/do-alts[fn][39m
[35m            channels.clj:262 clojure.core.async.impl.channels.ManyToManyChannel/fn[39m
[36m                 AFn.java:22 clojure.lang.AFn.run[39m
[34mThreadPoolExecutor.java:1145 java.util.concurrent.ThreadPoolExecutor.runWorker[39m
[34m ThreadPoolExecutor.java:615 java.util.concurrent.ThreadPoolExecutor$Worker.run[39m
[34m             Thread.java:745 java.lang.Thread.run[39m
[31mCaused by: [39m[31mclojure.lang.ExceptionInfo: [39m[31mEOF while reading, starting at line 23[39m
[35m               core.clj:4403 clojure.core/ex-info[39m
[35m        reader_types.clj:337 clojure.tools.reader.reader-types/reader-error[39m
[36m             RestFn.java:439 clojure.lang.RestFn.invoke[39m
[35m              reader.clj:164 clojure.tools.reader/read-delimited[39m
[35m              reader.clj:170 clojure.tools.reader/read-list[39m
[35m              reader.clj:745 clojure.tools.reader/read[39m
[35m              reader.clj:730 clojure.tools.reader/read[39m
[32m           analyzer.clj:1813 cljs.analyzer/forms-seq[fn][39m
[32m           analyzer.clj:1807 cljs.analyzer/forms-seq[fn][39m
[36m             LazySeq.java:40 clojure.lang.LazySeq.sval[39m
[36m             LazySeq.java:49 clojure.lang.LazySeq.seq[39m
[36m                 RT.java:484 clojure.lang.RT.seq[39m
[35m                core.clj:133 clojure.core/seq[39m
[32m            compiler.clj:951 cljs.compiler/compile-file*[fn][39m
[32m            compiler.clj:912 cljs.compiler/with-core-cljs[39m
[32m            compiler.clj:932 cljs.compiler/compile-file*[39m
[32m           compiler.clj:1048 cljs.compiler/compile-file[fn][39m
[0mCompiling "resources/public/js/app.js" from ["src/cljs" "env/dev/cljs"]...
[31mCompiling "resources/public/js/app.js" failed.[0m
[31mclojure.lang.ExceptionInfo: [39m[31mfailed compiling file:src/cljs/hangul_cljs/core.cljs[39m
[35m               core.clj:4403 clojure.core/ex-info[39m
[32m           compiler.clj:1060 cljs.compiler/compile-file[fn][39m
[32m           compiler.clj:1035 cljs.compiler/compile-file[39m
[32m           compiler.clj:1090 cljs.compiler/compile-root[39m
[32m             closure.clj:357 cljs.closure/compile-dir[39m
[32m             closure.clj:397 cljs.closure/eval11537[fn][39m
[32m             closure.clj:305 cljs.closure/eval11473[fn][39m
[32m             closure.clj:411 cljs.closure/eval11524[fn][39m
[32m             closure.clj:305 cljs.closure/eval11473[fn][39m
[32m                 core.clj:18 clojurescript-build.core.CompilableSourcePaths/fn[39m
[35m               core.clj:2557 clojure.core/map[fn][39m
[36m             LazySeq.java:40 clojure.lang.LazySeq.sval[39m
[36m             LazySeq.java:49 clojure.lang.LazySeq.seq[39m
[36m                 RT.java:484 clojure.lang.RT.seq[39m
[35m                core.clj:133 clojure.core/seq[39m
[35m                core.clj:624 clojure.core/apply[39m
[35m               core.clj:2586 clojure.core/mapcat[39m
[36m             RestFn.java:423 clojure.lang.RestFn.invoke[39m
[32m                 core.clj:18 clojurescript-build.core/clojurescript-build.core.CompilableSourcePaths[39m
[32m            closure.clj:1367 cljs.closure/build[39m
[32m                core.clj:150 clojurescript-build.core/build-source-paths*[39m
[32m         auto_builder.clj:59 figwheel-sidecar.auto-builder/warning[fn][39m
[32m                 auto.clj:55 clojurescript-build.auto/time-build[fn][39m
[32m                 auto.clj:64 clojurescript-build.auto/after[fn][39m
[32m                 auto.clj:64 clojurescript-build.auto/after[fn][39m
[32m                 auto.clj:64 clojurescript-build.auto/after[fn][39m
[32m                 auto.clj:71 clojurescript-build.auto/error[fn][39m
[32m                 auto.clj:60 clojurescript-build.auto/before[fn][39m
[32m                auto.clj:103 clojurescript-build.auto/make-conditional-builder[fn][39m
[35m               core.clj:6353 clojure.core/mapv[fn][39m
[36m          ArrayChunk.java:58 clojure.lang.ArrayChunk.reduce[39m
[35m            protocols.clj:98 clojure.core.protocols/fn[39m
[35m            protocols.clj:19 clojure.core.protocols/fn[fn][39m
[35m            protocols.clj:31 clojure.core.protocols/seq-reduce[39m
[35m            protocols.clj:60 clojure.core.protocols/fn[39m
[35m            protocols.clj:13 clojure.core.protocols/fn[fn][39m
[35m               core.clj:6289 clojure.core/reduce[39m
[35m               core.clj:6353 clojure.core/mapv[39m
[32m                auto.clj:184 clojurescript-build.auto/autobuild*[fn][39m
[32m                auto.clj:177 clojurescript-build.auto/autobuild*[fn][39m
[35m          ioc_macros.clj:940 clojure.core.async.impl.ioc-macros/run-state-machine[39m
[35m          ioc_macros.clj:944 clojure.core.async.impl.ioc-macros/run-state-machine-wrapped[39m
[35m               async.clj:362 clojure.core.async/ioc-alts![fn][39m
[35m               async.clj:231 clojure.core.async/do-alts[fn][39m
[35m            channels.clj:262 clojure.core.async.impl.channels.ManyToManyChannel/fn[39m
[36m                 AFn.java:22 clojure.lang.AFn.run[39m
[34mThreadPoolExecutor.java:1145 java.util.concurrent.ThreadPoolExecutor.runWorker[39m
[34m ThreadPoolExecutor.java:615 java.util.concurrent.ThreadPoolExecutor$Worker.run[39m
[34m             Thread.java:745 java.lang.Thread.run[39m
[31mCaused by: [39m[31mclojure.lang.ExceptionInfo: [39m[31mEOF while reading, starting at line 23[39m
[35m               core.clj:4403 clojure.core/ex-info[39m
[35m        reader_types.clj:337 clojure.tools.reader.reader-types/reader-error[39m
[36m             RestFn.java:439 clojure.lang.RestFn.invoke[39m
[35m              reader.clj:164 clojure.tools.reader/read-delimited[39m
[35m              reader.clj:170 clojure.tools.reader/read-list[39m
[35m              reader.clj:745 clojure.tools.reader/read[39m
[35m              reader.clj:730 clojure.tools.reader/read[39m
[32m           analyzer.clj:1813 cljs.analyzer/forms-seq[fn][39m
[32m           analyzer.clj:1807 cljs.analyzer/forms-seq[fn][39m
[36m             LazySeq.java:40 clojure.lang.LazySeq.sval[39m
[36m             LazySeq.java:49 clojure.lang.LazySeq.seq[39m
[36m                 RT.java:484 clojure.lang.RT.seq[39m
[35m                core.clj:133 clojure.core/seq[39m
[32m            compiler.clj:951 cljs.compiler/compile-file*[fn][39m
[32m            compiler.clj:912 cljs.compiler/with-core-cljs[39m
[32m            compiler.clj:932 cljs.compiler/compile-file*[39m
[32m           compiler.clj:1048 cljs.compiler/compile-file[fn][39m
[0mCompiling "resources/public/js/app.js" from ["src/cljs" "env/dev/cljs"]...
WARNING: Use of undeclared Var hangul-cljs.core/success-notice at line 25 src/cljs/hangul_cljs/core.cljs
[32mSuccessfully compiled "resources/public/js/app.js" in 0.164 seconds.[0m
notifying browser that file changed:  /hangul_cljs/core.js
notifying browser that file changed:  /hangul_cljs/dev.js
[0mCompiling "resources/public/js/app.js" from ["src/cljs" "env/dev/cljs"]...
[32mSuccessfully compiled "resources/public/js/app.js" in 0.122 seconds.[0m
notifying browser that file changed:  /hangul_cljs/core.js
notifying browser that file changed:  /hangul_cljs/dev.js
[0mCompiling "resources/public/js/app.js" from ["src/cljs" "env/dev/cljs"]...
[32mSuccessfully compiled "resources/public/js/app.js" in 0.133 seconds.[0m
notifying browser that file changed:  /hangul_cljs/core.js
notifying browser that file changed:  /hangul_cljs/dev.js
[0mCompiling "resources/public/js/app.js" from ["src/cljs" "env/dev/cljs"]...
[32mSuccessfully compiled "resources/public/js/app.js" in 0.12 seconds.[0m
notifying browser that file changed:  /hangul_cljs/core.js
notifying browser that file changed:  /hangul_cljs/dev.js
[0mCompiling "resources/public/js/app.js" from ["src/cljs" "env/dev/cljs"]...
[32mSuccessfully compiled "resources/public/js/app.js" in 0.124 seconds.[0m
notifying browser that file changed:  /hangul_cljs/core.js
notifying browser that file changed:  /hangul_cljs/dev.js
[0mCompiling "resources/public/js/app.js" from ["src/cljs" "env/dev/cljs"]...
[32mSuccessfully compiled "resources/public/js/app.js" in 0.124 seconds.[0m
notifying browser that file changed:  /hangul_cljs/core.js
notifying browser that file changed:  /hangul_cljs/dev.js
[0mCompiling "resources/public/js/app.js" from ["src/cljs" "env/dev/cljs"]...
WARNING: Use of undeclared Var hangul-cljs.core/toggle-notice at line 26 src/cljs/hangul_cljs/core.cljs
WARNING: Use of undeclared Var hangul-cljs.core/toggle-notice at line 29 src/cljs/hangul_cljs/core.cljs
[32mSuccessfully compiled "resources/public/js/app.js" in 0.177 seconds.[0m
notifying browser that file changed:  /hangul_cljs/core.js
notifying browser that file changed:  /hangul_cljs/dev.js
[0mCompiling "resources/public/js/app.js" from ["src/cljs" "env/dev/cljs"]...
WARNING: Use of undeclared Var hangul-cljs.core/toggle-notice at line 26 src/cljs/hangul_cljs/core.cljs
WARNING: Use of undeclared Var hangul-cljs.core/toggle-notice at line 29 src/cljs/hangul_cljs/core.cljs
[31mCompiling "resources/public/js/app.js" failed.[0m
[31mclojure.lang.ExceptionInfo: [39m[31mfailed compiling file:src/cljs/hangul_cljs/core.cljs[39m
[35m               core.clj:4403 clojure.core/ex-info[39m
[32m           compiler.clj:1060 cljs.compiler/compile-file[fn][39m
[32m           compiler.clj:1035 cljs.compiler/compile-file[39m
[32m           compiler.clj:1090 cljs.compiler/compile-root[39m
[32m             closure.clj:357 cljs.closure/compile-dir[39m
[32m             closure.clj:397 cljs.closure/eval11537[fn][39m
[32m             closure.clj:305 cljs.closure/eval11473[fn][39m
[32m             closure.clj:411 cljs.closure/eval11524[fn][39m
[32m             closure.clj:305 cljs.closure/eval11473[fn][39m
[32m                 core.clj:18 clojurescript-build.core.CompilableSourcePaths/fn[39m
[35m               core.clj:2557 clojure.core/map[fn][39m
[36m             LazySeq.java:40 clojure.lang.LazySeq.sval[39m
[36m             LazySeq.java:49 clojure.lang.LazySeq.seq[39m
[36m                 RT.java:484 clojure.lang.RT.seq[39m
[35m                core.clj:133 clojure.core/seq[39m
[35m                core.clj:624 clojure.core/apply[39m
[35m               core.clj:2586 clojure.core/mapcat[39m
[36m             RestFn.java:423 clojure.lang.RestFn.invoke[39m
[32m                 core.clj:18 clojurescript-build.core/clojurescript-build.core.CompilableSourcePaths[39m
[32m            closure.clj:1367 cljs.closure/build[39m
[32m                core.clj:150 clojurescript-build.core/build-source-paths*[39m
[32m         auto_builder.clj:59 figwheel-sidecar.auto-builder/warning[fn][39m
[32m                 auto.clj:55 clojurescript-build.auto/time-build[fn][39m
[32m                 auto.clj:64 clojurescript-build.auto/after[fn][39m
[32m                 auto.clj:64 clojurescript-build.auto/after[fn][39m
[32m                 auto.clj:64 clojurescript-build.auto/after[fn][39m
[32m                 auto.clj:71 clojurescript-build.auto/error[fn][39m
[32m                 auto.clj:60 clojurescript-build.auto/before[fn][39m
[32m                auto.clj:103 clojurescript-build.auto/make-conditional-builder[fn][39m
[35m               core.clj:6353 clojure.core/mapv[fn][39m
[36m          ArrayChunk.java:58 clojure.lang.ArrayChunk.reduce[39m
[35m            protocols.clj:98 clojure.core.protocols/fn[39m
[35m            protocols.clj:19 clojure.core.protocols/fn[fn][39m
[35m            protocols.clj:31 clojure.core.protocols/seq-reduce[39m
[35m            protocols.clj:60 clojure.core.protocols/fn[39m
[35m            protocols.clj:13 clojure.core.protocols/fn[fn][39m
[35m               core.clj:6289 clojure.core/reduce[39m
[35m               core.clj:6353 clojure.core/mapv[39m
[32m                auto.clj:184 clojurescript-build.auto/autobuild*[fn][39m
[32m                auto.clj:177 clojurescript-build.auto/autobuild*[fn][39m
[35m          ioc_macros.clj:940 clojure.core.async.impl.ioc-macros/run-state-machine[39m
[35m          ioc_macros.clj:944 clojure.core.async.impl.ioc-macros/run-state-machine-wrapped[39m
[35m               async.clj:362 clojure.core.async/ioc-alts![fn][39m
[35m               async.clj:231 clojure.core.async/do-alts[fn][39m
[35m            channels.clj:262 clojure.core.async.impl.channels.ManyToManyChannel/fn[39m
[36m                 AFn.java:22 clojure.lang.AFn.run[39m
[34mThreadPoolExecutor.java:1145 java.util.concurrent.ThreadPoolExecutor.runWorker[39m
[34m ThreadPoolExecutor.java:615 java.util.concurrent.ThreadPoolExecutor$Worker.run[39m
[34m             Thread.java:745 java.lang.Thread.run[39m
[31mCaused by: [39m[31mclojure.lang.ExceptionInfo: [39m[31mEOF while reading, starting at line 35[39m
[35m               core.clj:4403 clojure.core/ex-info[39m
[35m        reader_types.clj:337 clojure.tools.reader.reader-types/reader-error[39m
[36m             RestFn.java:439 clojure.lang.RestFn.invoke[39m
[35m              reader.clj:164 clojure.tools.reader/read-delimited[39m
[35m              reader.clj:170 clojure.tools.reader/read-list[39m
[35m              reader.clj:745 clojure.tools.reader/read[39m
[35m              reader.clj:730 clojure.tools.reader/read[39m
[32m           analyzer.clj:1813 cljs.analyzer/forms-seq[fn][39m
[32m           analyzer.clj:1807 cljs.analyzer/forms-seq[fn][39m
[36m             LazySeq.java:40 clojure.lang.LazySeq.sval[39m
[36m             LazySeq.java:49 clojure.lang.LazySeq.seq[39m
[36m                 RT.java:484 clojure.lang.RT.seq[39m
[35m                core.clj:133 clojure.core/seq[39m
[32m            compiler.clj:951 cljs.compiler/compile-file*[fn][39m
[32m            compiler.clj:912 cljs.compiler/with-core-cljs[39m
[32m            compiler.clj:932 cljs.compiler/compile-file*[39m
[32m           compiler.clj:1048 cljs.compiler/compile-file[fn][39m
[0mCompiling "resources/public/js/app.js" from ["src/cljs" "env/dev/cljs"]...
WARNING: Use of undeclared Var hangul-cljs.core/toggle-notice at line 26 src/cljs/hangul_cljs/core.cljs
WARNING: Use of undeclared Var hangul-cljs.core/toggle-notice at line 29 src/cljs/hangul_cljs/core.cljs
[32mSuccessfully compiled "resources/public/js/app.js" in 0.17 seconds.[0m
notifying browser that file changed:  /hangul_cljs/core.js
notifying browser that file changed:  /hangul_cljs/dev.js
[0mCompiling "resources/public/js/app.js" from ["src/cljs" "env/dev/cljs"]...
[32mSuccessfully compiled "resources/public/js/app.js" in 0.124 seconds.[0m
notifying browser that file changed:  /hangul_cljs/core.js
notifying browser that file changed:  /hangul_cljs/dev.js
